

================================================================
== Vitis HLS Report for 'cordiccart2pol'
================================================================
* Date:           Tue Aug  9 17:14:52 2022

* Version:        2021.2 (Build 3367213 on Tue Oct 19 02:48:09 MDT 2021)
* Project:        codiccart2pol
* Solution:       solution1 (Vivado IP Flow Target)
* Product family: zynq
* Target device:  xc7z020-clg484-1


================================================================
== Performance Estimates
================================================================
+ Timing: 
    * Summary: 
    +--------+----------+----------+------------+
    |  Clock |  Target  | Estimated| Uncertainty|
    +--------+----------+----------+------------+
    |ap_clk  |  10.00 ns|  7.256 ns|     2.70 ns|
    +--------+----------+----------+------------+

+ Latency: 
    * Summary: 
    +---------+---------+----------+----------+-----+-----+---------+
    |  Latency (cycles) |  Latency (absolute) |  Interval | Pipeline|
    |   min   |   max   |    min   |    max   | min | max |   Type  |
    +---------+---------+----------+----------+-----+-----+---------+
    |      249|      249|  2.490 us|  2.490 us|  250|  250|       no|
    +---------+---------+----------+----------+-----+-----+---------+

    + Detail: 
        * Instance: 
        +----------------------------------------------------+-----------------------------------------+---------+---------+----------+----------+-----+-----+---------+
        |                                                    |                                         |  Latency (cycles) |  Latency (absolute) |  Interval | Pipeline|
        |                      Instance                      |                  Module                 |   min   |   max   |    min   |    max   | min | max |   Type  |
        +----------------------------------------------------+-----------------------------------------+---------+---------+----------+----------+-----+-----+---------+
        |grp_cordiccart2pol_Pipeline_VITIS_LOOP_34_1_fu_102  |cordiccart2pol_Pipeline_VITIS_LOOP_34_1  |      242|      242|  2.420 us|  2.420 us|  242|  242|       no|
        +----------------------------------------------------+-----------------------------------------+---------+---------+----------+----------+-----+-----+---------+

        * Loop: 
        N/A



================================================================
== Utilization Estimates
================================================================
* Summary: 
+-----------------+---------+-----+--------+-------+-----+
|       Name      | BRAM_18K| DSP |   FF   |  LUT  | URAM|
+-----------------+---------+-----+--------+-------+-----+
|DSP              |        -|    -|       -|      -|    -|
|Expression       |        -|    -|       0|    192|    -|
|FIFO             |        -|    -|       -|      -|    -|
|Instance         |        0|   10|    1395|   2151|    -|
|Memory           |        -|    -|       -|      -|    -|
|Multiplexer      |        -|    -|       -|    136|    -|
|Register         |        -|    -|     139|      -|    -|
+-----------------+---------+-----+--------+-------+-----+
|Total            |        0|   10|    1534|   2479|    0|
+-----------------+---------+-----+--------+-------+-----+
|Available        |      280|  220|  106400|  53200|    0|
+-----------------+---------+-----+--------+-------+-----+
|Utilization (%)  |        0|    4|       1|      4|    0|
+-----------------+---------+-----+--------+-------+-----+

+ Detail: 
    * Instance: 
    +----------------------------------------------------+-----------------------------------------+---------+----+------+------+-----+
    |                      Instance                      |                  Module                 | BRAM_18K| DSP|  FF  |  LUT | URAM|
    +----------------------------------------------------+-----------------------------------------+---------+----+------+------+-----+
    |CTRL_s_axi_U                                        |CTRL_s_axi                               |        0|   0|    43|    42|    0|
    |control_s_axi_U                                     |control_s_axi                            |        0|   0|   182|   296|    0|
    |grp_cordiccart2pol_Pipeline_VITIS_LOOP_34_1_fu_102  |cordiccart2pol_Pipeline_VITIS_LOOP_34_1  |        0|   7|  1027|  1492|    0|
    |fcmp_32ns_32ns_1_2_no_dsp_1_U17                     |fcmp_32ns_32ns_1_2_no_dsp_1              |        0|   0|     0|     0|    0|
    |fmul_32ns_32ns_32_4_max_dsp_1_U16                   |fmul_32ns_32ns_32_4_max_dsp_1            |        0|   3|   143|   321|    0|
    +----------------------------------------------------+-----------------------------------------+---------+----+------+------+-----+
    |Total                                               |                                         |        0|  10|  1395|  2151|    0|
    +----------------------------------------------------+-----------------------------------------+---------+----+------+------+-----+

    * DSP: 
    N/A

    * Memory: 
    N/A

    * FIFO: 
    N/A

    * Expression: 
    +-----------------------+----------+----+---+----+------------+------------+
    |     Variable Name     | Operation| DSP| FF| LUT| Bitwidth P0| Bitwidth P1|
    +-----------------------+----------+----+---+----+------------+------------+
    |and_ln22_fu_161_p2     |       and|   0|  0|   2|           1|           1|
    |icmp_ln22_1_fu_149_p2  |      icmp|   0|  0|  15|          23|           1|
    |icmp_ln22_fu_143_p2    |      icmp|   0|  0|  11|           8|           2|
    |or_ln22_fu_155_p2      |        or|   0|  0|   2|           1|           1|
    |angle_fu_205_p3        |    select|   0|  0|  32|           1|          30|
    |c_x_1_fu_189_p3        |    select|   0|  0|  32|           1|          32|
    |c_y_3_fu_197_p3        |    select|   0|  0|  32|           1|          32|
    |xor_ln25_fu_169_p2     |       xor|   0|  0|  33|          32|          33|
    |xor_ln29_fu_179_p2     |       xor|   0|  0|  33|          32|          33|
    +-----------------------+----------+----+---+----+------------+------------+
    |Total                  |          |   0|  0| 192|         100|         165|
    +-----------------------+----------+----+---+----+------------+------------+

    * Multiplexer: 
    +-------------------+----+-----------+-----+-----------+
    |        Name       | LUT| Input Size| Bits| Total Bits|
    +-------------------+----+-----------+-----+-----------+
    |ap_NS_fsm          |  48|          9|    1|          9|
    |grp_fu_115_ce      |   9|          2|    1|          2|
    |grp_fu_115_p0      |  14|          3|   32|         96|
    |grp_fu_115_p1      |  14|          3|   32|         96|
    |grp_fu_120_ce      |   9|          2|    1|          2|
    |grp_fu_120_opcode  |  14|          3|    5|         15|
    |grp_fu_120_p0      |  14|          3|   32|         96|
    |grp_fu_120_p1      |  14|          3|   32|         96|
    +-------------------+----+-----------+-----+-----------+
    |Total              | 136|         28|  136|        412|
    +-------------------+----+-----------+-----+-----------+

    * Register: 
    +-----------------------------------------------------------------+----+----+-----+-----------+
    |                               Name                              | FF | LUT| Bits| Const Bits|
    +-----------------------------------------------------------------+----+----+-----+-----------+
    |angle_reg_271                                                    |   1|   0|   32|         31|
    |ap_CS_fsm                                                        |   8|   0|    8|          0|
    |c_x_1_reg_261                                                    |  32|   0|   32|          0|
    |c_y_3_reg_266                                                    |  32|   0|   32|          0|
    |grp_cordiccart2pol_Pipeline_VITIS_LOOP_34_1_fu_102_ap_start_reg  |   1|   0|    1|          0|
    |tmp_1_reg_256                                                    |   1|   0|    1|          0|
    |x_read_reg_238                                                   |  32|   0|   32|          0|
    |y_read_reg_231                                                   |  32|   0|   32|          0|
    +-----------------------------------------------------------------+----+----+-----+-----------+
    |Total                                                            | 139|   0|  170|         31|
    +-----------------------------------------------------------------+----+----+-----+-----------+



================================================================
== Interface
================================================================
* Summary: 
+-----------------------+-----+-----+------------+----------------+--------------+
|       RTL Ports       | Dir | Bits|  Protocol  |  Source Object |    C Type    |
+-----------------------+-----+-----+------------+----------------+--------------+
|s_axi_CTRL_AWVALID     |   in|    1|       s_axi|            CTRL|        scalar|
|s_axi_CTRL_AWREADY     |  out|    1|       s_axi|            CTRL|        scalar|
|s_axi_CTRL_AWADDR      |   in|    4|       s_axi|            CTRL|        scalar|
|s_axi_CTRL_WVALID      |   in|    1|       s_axi|            CTRL|        scalar|
|s_axi_CTRL_WREADY      |  out|    1|       s_axi|            CTRL|        scalar|
|s_axi_CTRL_WDATA       |   in|   32|       s_axi|            CTRL|        scalar|
|s_axi_CTRL_WSTRB       |   in|    4|       s_axi|            CTRL|        scalar|
|s_axi_CTRL_ARVALID     |   in|    1|       s_axi|            CTRL|        scalar|
|s_axi_CTRL_ARREADY     |  out|    1|       s_axi|            CTRL|        scalar|
|s_axi_CTRL_ARADDR      |   in|    4|       s_axi|            CTRL|        scalar|
|s_axi_CTRL_RVALID      |  out|    1|       s_axi|            CTRL|        scalar|
|s_axi_CTRL_RREADY      |   in|    1|       s_axi|            CTRL|        scalar|
|s_axi_CTRL_RDATA       |  out|   32|       s_axi|            CTRL|        scalar|
|s_axi_CTRL_RRESP       |  out|    2|       s_axi|            CTRL|        scalar|
|s_axi_CTRL_BVALID      |  out|    1|       s_axi|            CTRL|        scalar|
|s_axi_CTRL_BREADY      |   in|    1|       s_axi|            CTRL|        scalar|
|s_axi_CTRL_BRESP       |  out|    2|       s_axi|            CTRL|        scalar|
|s_axi_control_AWVALID  |   in|    1|       s_axi|         control|       pointer|
|s_axi_control_AWREADY  |  out|    1|       s_axi|         control|       pointer|
|s_axi_control_AWADDR   |   in|    6|       s_axi|         control|       pointer|
|s_axi_control_WVALID   |   in|    1|       s_axi|         control|       pointer|
|s_axi_control_WREADY   |  out|    1|       s_axi|         control|       pointer|
|s_axi_control_WDATA    |   in|   32|       s_axi|         control|       pointer|
|s_axi_control_WSTRB    |   in|    4|       s_axi|         control|       pointer|
|s_axi_control_ARVALID  |   in|    1|       s_axi|         control|       pointer|
|s_axi_control_ARREADY  |  out|    1|       s_axi|         control|       pointer|
|s_axi_control_ARADDR   |   in|    6|       s_axi|         control|       pointer|
|s_axi_control_RVALID   |  out|    1|       s_axi|         control|       pointer|
|s_axi_control_RREADY   |   in|    1|       s_axi|         control|       pointer|
|s_axi_control_RDATA    |  out|   32|       s_axi|         control|       pointer|
|s_axi_control_RRESP    |  out|    2|       s_axi|         control|       pointer|
|s_axi_control_BVALID   |  out|    1|       s_axi|         control|       pointer|
|s_axi_control_BREADY   |   in|    1|       s_axi|         control|       pointer|
|s_axi_control_BRESP    |  out|    2|       s_axi|         control|       pointer|
|ap_local_block         |  out|    1|  ap_ctrl_hs|  cordiccart2pol|  return value|
|ap_clk                 |   in|    1|  ap_ctrl_hs|  cordiccart2pol|  return value|
|ap_rst_n               |   in|    1|  ap_ctrl_hs|  cordiccart2pol|  return value|
|interrupt              |  out|    1|  ap_ctrl_hs|  cordiccart2pol|  return value|
+-----------------------+-----+-----+------------+----------------+--------------+

